[2024-02-24 18:24:04] - Land Cover Semantic Segmentation Train Logs - {train.py:85} - INFO - Divided images into patches successfully!
[2024-02-24 18:24:04] - Land Cover Semantic Segmentation Train Logs - {train.py:94} - INFO - Divided masks into patches successfully!
[2024-02-24 18:24:04] - Land Cover Semantic Segmentation Train Logs - {train.py:103} - INFO - Discarded unused patches successfully!
[2024-02-24 18:24:04] - Land Cover Semantic Segmentation Train Logs - {train.py:117} - INFO - Training and validation data split successfully!
[2024-02-24 18:24:16] - Land Cover Semantic Segmentation Train Logs - {train.py:140} - INFO - Built the model successfully!
[2024-02-24 18:24:16] - Land Cover Semantic Segmentation Train Logs - {train.py:166} - ERROR - Failed to initialize training and validation datasets and dataloaders!
[2024-02-24 18:52:37] - Land Cover Semantic Segmentation Train Logs - {train.py:85} - INFO - Divided images into patches successfully!
[2024-02-24 18:52:37] - Land Cover Semantic Segmentation Train Logs - {train.py:94} - INFO - Divided masks into patches successfully!
[2024-02-24 18:52:37] - Land Cover Semantic Segmentation Train Logs - {train.py:103} - INFO - Discarded unused patches successfully!
[2024-02-24 18:52:37] - Land Cover Semantic Segmentation Train Logs - {train.py:117} - INFO - Training and validation data split successfully!
[2024-02-24 18:52:37] - Land Cover Semantic Segmentation Train Logs - {train.py:140} - INFO - Built the model successfully!
[2024-02-24 18:52:37] - Land Cover Semantic Segmentation Train Logs - {train.py:167} - ERROR - Failed to initialize training and validation datasets and dataloaders!
[2024-02-24 18:56:04] - Land Cover Semantic Segmentation Train Logs - {train.py:85} - INFO - Divided images into patches successfully!
[2024-02-24 18:56:04] - Land Cover Semantic Segmentation Train Logs - {train.py:94} - INFO - Divided masks into patches successfully!
[2024-02-24 18:56:04] - Land Cover Semantic Segmentation Train Logs - {train.py:103} - INFO - Discarded unused patches successfully!
[2024-02-24 18:56:04] - Land Cover Semantic Segmentation Train Logs - {train.py:117} - INFO - Training and validation data split successfully!
[2024-02-24 18:56:04] - Land Cover Semantic Segmentation Train Logs - {train.py:140} - INFO - Built the model successfully!
[2024-02-24 18:56:04] - Land Cover Semantic Segmentation Train Logs - {train.py:167} - ERROR - Failed to initialize training and validation datasets and dataloaders!
[2024-02-24 18:57:57] - Land Cover Semantic Segmentation Train Logs - {train.py:85} - INFO - Divided images into patches successfully!
[2024-02-24 18:57:57] - Land Cover Semantic Segmentation Train Logs - {train.py:94} - INFO - Divided masks into patches successfully!
[2024-02-24 18:57:57] - Land Cover Semantic Segmentation Train Logs - {train.py:103} - INFO - Discarded unused patches successfully!
[2024-02-24 18:57:57] - Land Cover Semantic Segmentation Train Logs - {train.py:117} - INFO - Training and validation data split successfully!
[2024-02-24 18:57:57] - Land Cover Semantic Segmentation Train Logs - {train.py:140} - INFO - Built the model successfully!
[2024-02-24 18:57:57] - Land Cover Semantic Segmentation Train Logs - {train.py:165} - INFO - Initialized training and validation datasets and dataloaders!
[2024-02-24 18:57:57] - Land Cover Semantic Segmentation Train Logs - {train.py:176} - INFO - Initialized the loss and evaluation metrics!
[2024-02-24 18:57:57] - Land Cover Semantic Segmentation Train Logs - {train.py:188} - INFO - Initialized the optimizer!
[2024-02-24 18:57:57] - Land Cover Semantic Segmentation Train Logs - {train.py:214} - ERROR - Failed to initialize epoch runners!
[2024-02-24 18:58:16] - Land Cover Semantic Segmentation Train Logs - {train.py:85} - INFO - Divided images into patches successfully!
[2024-02-24 18:58:16] - Land Cover Semantic Segmentation Train Logs - {train.py:94} - INFO - Divided masks into patches successfully!
[2024-02-24 18:58:16] - Land Cover Semantic Segmentation Train Logs - {train.py:103} - INFO - Discarded unused patches successfully!
[2024-02-24 18:58:16] - Land Cover Semantic Segmentation Train Logs - {train.py:117} - INFO - Training and validation data split successfully!
[2024-02-24 18:58:16] - Land Cover Semantic Segmentation Train Logs - {train.py:140} - INFO - Built the model successfully!
[2024-02-24 18:58:16] - Land Cover Semantic Segmentation Train Logs - {train.py:167} - ERROR - Failed to initialize training and validation datasets and dataloaders!
[2024-02-24 20:35:44] - Land Cover Semantic Segmentation Train Logs - {train.py:85} - INFO - Divided images into patches successfully!
[2024-02-24 20:36:20] - Land Cover Semantic Segmentation Train Logs - {train.py:94} - INFO - Divided masks into patches successfully!
[2024-02-24 20:37:14] - Land Cover Semantic Segmentation Train Logs - {train.py:103} - INFO - Discarded unused patches successfully!
[2024-02-24 20:37:20] - Land Cover Semantic Segmentation Train Logs - {train.py:117} - INFO - Training and validation data split successfully!
[2024-02-24 20:37:20] - Land Cover Semantic Segmentation Train Logs - {train.py:140} - INFO - Built the model successfully!
[2024-02-24 20:37:20] - Land Cover Semantic Segmentation Train Logs - {train.py:165} - INFO - Initialized training and validation datasets and dataloaders!
[2024-02-24 20:37:20] - Land Cover Semantic Segmentation Train Logs - {train.py:176} - INFO - Initialized the loss and evaluation metrics!
[2024-02-24 20:37:20] - Land Cover Semantic Segmentation Train Logs - {train.py:188} - INFO - Initialized the optimizer!
[2024-02-24 20:37:20] - Land Cover Semantic Segmentation Train Logs - {train.py:214} - ERROR - Failed to initialize epoch runners!
[2024-02-24 20:39:31] - Land Cover Semantic Segmentation Train Logs - {train.py:85} - INFO - Divided images into patches successfully!
[2024-02-24 20:40:06] - Land Cover Semantic Segmentation Train Logs - {train.py:94} - INFO - Divided masks into patches successfully!
[2024-02-24 20:41:01] - Land Cover Semantic Segmentation Train Logs - {train.py:103} - INFO - Discarded unused patches successfully!
[2024-02-24 20:41:07] - Land Cover Semantic Segmentation Train Logs - {train.py:117} - INFO - Training and validation data split successfully!
[2024-02-24 20:41:07] - Land Cover Semantic Segmentation Train Logs - {train.py:140} - INFO - Built the model successfully!
[2024-02-24 20:41:07] - Land Cover Semantic Segmentation Train Logs - {train.py:165} - INFO - Initialized training and validation datasets and dataloaders!
[2024-02-24 20:41:07] - Land Cover Semantic Segmentation Train Logs - {train.py:176} - INFO - Initialized the loss and evaluation metrics!
[2024-02-24 20:41:07] - Land Cover Semantic Segmentation Train Logs - {train.py:188} - INFO - Initialized the optimizer!
[2024-02-24 20:41:07] - Land Cover Semantic Segmentation Train Logs - {train.py:212} - INFO - Initialized epoch runners!
[2024-02-24 23:01:15] - Land Cover Semantic Segmentation Train Logs - {train.py:85} - INFO - Divided images into patches successfully!
[2024-02-24 23:01:50] - Land Cover Semantic Segmentation Train Logs - {train.py:94} - INFO - Divided masks into patches successfully!
[2024-02-24 23:02:44] - Land Cover Semantic Segmentation Train Logs - {train.py:103} - INFO - Discarded unused patches successfully!
[2024-02-24 23:02:49] - Land Cover Semantic Segmentation Train Logs - {train.py:117} - INFO - Training and validation data split successfully!
[2024-02-24 23:02:49] - Land Cover Semantic Segmentation Train Logs - {train.py:140} - INFO - Built the model successfully!
[2024-02-24 23:02:49] - Land Cover Semantic Segmentation Train Logs - {train.py:165} - INFO - Initialized training and validation datasets and dataloaders!
[2024-02-24 23:02:49] - Land Cover Semantic Segmentation Train Logs - {train.py:176} - INFO - Initialized the loss and evaluation metrics!
[2024-02-24 23:02:49] - Land Cover Semantic Segmentation Train Logs - {train.py:188} - INFO - Initialized the optimizer!
[2024-02-24 23:02:49] - Land Cover Semantic Segmentation Train Logs - {train.py:214} - ERROR - Failed to initialize epoch runners!
[2024-02-26 21:26:14] - Land Cover Semantic Segmentation Train Logs - {train.py:85} - INFO - Divided images into patches successfully!
[2024-02-26 21:26:50] - Land Cover Semantic Segmentation Train Logs - {train.py:94} - INFO - Divided masks into patches successfully!
[2024-02-26 21:27:46] - Land Cover Semantic Segmentation Train Logs - {train.py:103} - INFO - Discarded unused patches successfully!
[2024-02-26 21:27:52] - Land Cover Semantic Segmentation Train Logs - {train.py:117} - INFO - Training and validation data split successfully!
[2024-02-26 21:27:52] - Land Cover Semantic Segmentation Train Logs - {train.py:140} - INFO - Built the model successfully!
[2024-02-26 21:27:52] - Land Cover Semantic Segmentation Train Logs - {train.py:165} - INFO - Initialized training and validation datasets and dataloaders!
[2024-02-26 21:27:52] - Land Cover Semantic Segmentation Train Logs - {train.py:176} - INFO - Initialized the loss and evaluation metrics!
[2024-02-26 21:27:52] - Land Cover Semantic Segmentation Train Logs - {train.py:188} - INFO - Initialized the optimizer!
[2024-02-26 21:27:52] - Land Cover Semantic Segmentation Train Logs - {train.py:214} - ERROR - Failed to initialize epoch runners!
[2024-02-26 21:35:26] - Land Cover Semantic Segmentation Train Logs - {train.py:85} - INFO - Divided images into patches successfully!
[2024-02-26 21:36:00] - Land Cover Semantic Segmentation Train Logs - {train.py:94} - INFO - Divided masks into patches successfully!
[2024-02-26 21:36:54] - Land Cover Semantic Segmentation Train Logs - {train.py:103} - INFO - Discarded unused patches successfully!
[2024-02-26 21:37:00] - Land Cover Semantic Segmentation Train Logs - {train.py:117} - INFO - Training and validation data split successfully!
[2024-02-26 21:37:00] - Land Cover Semantic Segmentation Train Logs - {train.py:140} - INFO - Built the model successfully!
[2024-02-26 21:37:00] - Land Cover Semantic Segmentation Train Logs - {train.py:165} - INFO - Initialized training and validation datasets and dataloaders!
[2024-02-26 21:37:00] - Land Cover Semantic Segmentation Train Logs - {train.py:176} - INFO - Initialized the loss and evaluation metrics!
[2024-02-26 21:37:00] - Land Cover Semantic Segmentation Train Logs - {train.py:188} - INFO - Initialized the optimizer!
[2024-02-26 21:37:00] - Land Cover Semantic Segmentation Train Logs - {train.py:212} - INFO - Initialized epoch runners!
[2024-02-26 21:55:11] - Land Cover Semantic Segmentation Train Logs - {train.py:85} - INFO - Divided images into patches successfully!
[2024-02-26 21:55:52] - Land Cover Semantic Segmentation Train Logs - {train.py:94} - INFO - Divided masks into patches successfully!
[2024-02-26 21:56:51] - Land Cover Semantic Segmentation Train Logs - {train.py:103} - INFO - Discarded unused patches successfully!
[2024-02-26 21:56:57] - Land Cover Semantic Segmentation Train Logs - {train.py:117} - INFO - Training and validation data split successfully!
[2024-02-26 21:56:58] - Land Cover Semantic Segmentation Train Logs - {train.py:140} - INFO - Built the model successfully!
[2024-02-26 21:56:58] - Land Cover Semantic Segmentation Train Logs - {train.py:165} - INFO - Initialized training and validation datasets and dataloaders!
[2024-02-26 21:56:58] - Land Cover Semantic Segmentation Train Logs - {train.py:176} - INFO - Initialized the loss and evaluation metrics!
[2024-02-26 21:56:58] - Land Cover Semantic Segmentation Train Logs - {train.py:188} - INFO - Initialized the optimizer!
[2024-02-26 21:56:58] - Land Cover Semantic Segmentation Train Logs - {train.py:212} - INFO - Initialized epoch runners!
[2024-02-29 20:02:01] - Land Cover Semantic Segmentation Train Logs - {train.py:88} - INFO - Divided images into patches successfully!
[2024-02-29 20:02:36] - Land Cover Semantic Segmentation Train Logs - {train.py:97} - INFO - Divided masks into patches successfully!
[2024-02-29 20:03:30] - Land Cover Semantic Segmentation Train Logs - {train.py:106} - INFO - Discarded unused patches successfully!
[2024-02-29 20:03:41] - Land Cover Semantic Segmentation Train Logs - {train.py:120} - INFO - Training and validation data split successfully!
[2024-02-29 20:03:41] - Land Cover Semantic Segmentation Train Logs - {train.py:143} - INFO - Built the model successfully!
[2024-02-29 20:03:41] - Land Cover Semantic Segmentation Train Logs - {train.py:168} - INFO - Initialized training and validation datasets and dataloaders!
[2024-02-29 20:03:41] - Land Cover Semantic Segmentation Train Logs - {train.py:179} - INFO - Initialized the loss and evaluation metrics!
[2024-02-29 20:03:41] - Land Cover Semantic Segmentation Train Logs - {train.py:191} - INFO - Initialized the optimizer!
[2024-02-29 20:03:41] - Land Cover Semantic Segmentation Train Logs - {train.py:215} - INFO - Initialized epoch runners!
[2024-02-29 21:37:42] - Land Cover Semantic Segmentation Train Logs - {train.py:88} - INFO - Divided images into patches successfully!
[2024-02-29 21:38:17] - Land Cover Semantic Segmentation Train Logs - {train.py:97} - INFO - Divided masks into patches successfully!
[2024-02-29 21:39:12] - Land Cover Semantic Segmentation Train Logs - {train.py:106} - INFO - Discarded unused patches successfully!
[2024-02-29 21:39:15] - Land Cover Semantic Segmentation Train Logs - {train.py:120} - INFO - Training and validation data split successfully!
[2024-02-29 21:39:15] - Land Cover Semantic Segmentation Train Logs - {train.py:143} - INFO - Built the model successfully!
[2024-02-29 21:39:15] - Land Cover Semantic Segmentation Train Logs - {train.py:168} - INFO - Initialized training and validation datasets and dataloaders!
[2024-02-29 21:39:15] - Land Cover Semantic Segmentation Train Logs - {train.py:179} - INFO - Initialized the loss and evaluation metrics!
[2024-02-29 21:39:15] - Land Cover Semantic Segmentation Train Logs - {train.py:191} - INFO - Initialized the optimizer!
[2024-02-29 21:39:15] - Land Cover Semantic Segmentation Train Logs - {train.py:215} - INFO - Initialized epoch runners!
[2024-03-05 17:24:34] - Land Cover Semantic Segmentation Train Logs - {train.py:88} - INFO - Divided images into patches successfully!
[2024-03-05 17:25:09] - Land Cover Semantic Segmentation Train Logs - {train.py:97} - INFO - Divided masks into patches successfully!
[2024-03-05 17:26:03] - Land Cover Semantic Segmentation Train Logs - {train.py:106} - INFO - Discarded unused patches successfully!
[2024-03-05 17:26:13] - Land Cover Semantic Segmentation Train Logs - {train.py:120} - INFO - Training and validation data split successfully!
[2024-03-05 17:26:13] - Land Cover Semantic Segmentation Train Logs - {train.py:143} - INFO - Built the model successfully!
[2024-03-05 17:26:13] - Land Cover Semantic Segmentation Train Logs - {train.py:168} - INFO - Initialized training and validation datasets and dataloaders!
[2024-03-05 17:26:13] - Land Cover Semantic Segmentation Train Logs - {train.py:179} - INFO - Initialized the loss and evaluation metrics!
[2024-03-05 17:26:13] - Land Cover Semantic Segmentation Train Logs - {train.py:191} - INFO - Initialized the optimizer!
[2024-03-05 17:26:13] - Land Cover Semantic Segmentation Train Logs - {train.py:215} - INFO - Initialized epoch runners!
[2024-03-05 19:46:49] - Land Cover Semantic Segmentation Train Logs - {train.py:88} - INFO - Divided images into patches successfully!
[2024-03-05 19:47:24] - Land Cover Semantic Segmentation Train Logs - {train.py:97} - INFO - Divided masks into patches successfully!
[2024-03-05 19:48:19] - Land Cover Semantic Segmentation Train Logs - {train.py:106} - INFO - Discarded unused patches successfully!
[2024-03-05 19:48:27] - Land Cover Semantic Segmentation Train Logs - {train.py:120} - INFO - Training and validation data split successfully!
[2024-03-05 19:48:27] - Land Cover Semantic Segmentation Train Logs - {train.py:143} - INFO - Built the model successfully!
[2024-03-05 19:48:27] - Land Cover Semantic Segmentation Train Logs - {train.py:168} - INFO - Initialized training and validation datasets and dataloaders!
[2024-03-05 19:48:27] - Land Cover Semantic Segmentation Train Logs - {train.py:179} - INFO - Initialized the loss and evaluation metrics!
[2024-03-05 19:48:27] - Land Cover Semantic Segmentation Train Logs - {train.py:191} - INFO - Initialized the optimizer!
[2024-03-05 19:48:28] - Land Cover Semantic Segmentation Train Logs - {train.py:215} - INFO - Initialized epoch runners!
[2024-03-05 20:36:11] - Land Cover Semantic Segmentation Train Logs - {train.py:88} - INFO - Divided images into patches successfully!
[2024-03-05 20:36:45] - Land Cover Semantic Segmentation Train Logs - {train.py:97} - INFO - Divided masks into patches successfully!
[2024-03-05 20:37:40] - Land Cover Semantic Segmentation Train Logs - {train.py:106} - INFO - Discarded unused patches successfully!
[2024-03-05 20:37:45] - Land Cover Semantic Segmentation Train Logs - {train.py:120} - INFO - Training and validation data split successfully!
[2024-03-05 20:37:45] - Land Cover Semantic Segmentation Train Logs - {train.py:143} - INFO - Built the model successfully!
[2024-03-05 20:37:45] - Land Cover Semantic Segmentation Train Logs - {train.py:168} - INFO - Initialized training and validation datasets and dataloaders!
[2024-03-05 20:37:45] - Land Cover Semantic Segmentation Train Logs - {train.py:179} - INFO - Initialized the loss and evaluation metrics!
[2024-03-05 20:37:45] - Land Cover Semantic Segmentation Train Logs - {train.py:191} - INFO - Initialized the optimizer!
[2024-03-05 20:37:46] - Land Cover Semantic Segmentation Train Logs - {train.py:215} - INFO - Initialized epoch runners!
[2024-03-06 16:54:48] - Land Cover Semantic Segmentation Train Logs - {train.py:88} - INFO - Divided images into patches successfully!
[2024-03-06 16:55:23] - Land Cover Semantic Segmentation Train Logs - {train.py:97} - INFO - Divided masks into patches successfully!
[2024-03-06 16:56:17] - Land Cover Semantic Segmentation Train Logs - {train.py:106} - INFO - Discarded unused patches successfully!
[2024-03-06 16:56:27] - Land Cover Semantic Segmentation Train Logs - {train.py:120} - INFO - Training and validation data split successfully!
[2024-03-06 16:56:27] - Land Cover Semantic Segmentation Train Logs - {train.py:143} - INFO - Built the model successfully!
[2024-03-06 16:56:27] - Land Cover Semantic Segmentation Train Logs - {train.py:168} - INFO - Initialized training and validation datasets and dataloaders!
[2024-03-06 16:56:27] - Land Cover Semantic Segmentation Train Logs - {train.py:179} - INFO - Initialized the loss and evaluation metrics!
[2024-03-06 16:56:27] - Land Cover Semantic Segmentation Train Logs - {train.py:191} - INFO - Initialized the optimizer!
[2024-03-06 16:56:27] - Land Cover Semantic Segmentation Train Logs - {train.py:215} - INFO - Initialized epoch runners!
[2024-03-06 17:58:06] - Land Cover Semantic Segmentation Train Logs - {train.py:88} - INFO - Divided images into patches successfully!
[2024-03-06 17:58:40] - Land Cover Semantic Segmentation Train Logs - {train.py:97} - INFO - Divided masks into patches successfully!
[2024-03-06 17:59:35] - Land Cover Semantic Segmentation Train Logs - {train.py:106} - INFO - Discarded unused patches successfully!
[2024-03-06 17:59:40] - Land Cover Semantic Segmentation Train Logs - {train.py:120} - INFO - Training and validation data split successfully!
[2024-03-06 17:59:41] - Land Cover Semantic Segmentation Train Logs - {train.py:143} - INFO - Built the model successfully!
[2024-03-06 17:59:41] - Land Cover Semantic Segmentation Train Logs - {train.py:168} - INFO - Initialized training and validation datasets and dataloaders!
[2024-03-06 17:59:41] - Land Cover Semantic Segmentation Train Logs - {train.py:179} - INFO - Initialized the loss and evaluation metrics!
[2024-03-06 17:59:41] - Land Cover Semantic Segmentation Train Logs - {train.py:191} - INFO - Initialized the optimizer!
[2024-03-06 17:59:41] - Land Cover Semantic Segmentation Train Logs - {train.py:215} - INFO - Initialized epoch runners!
[2024-03-06 19:11:41] - Land Cover Semantic Segmentation Train Logs - {train.py:88} - INFO - Divided images into patches successfully!
[2024-03-06 19:12:17] - Land Cover Semantic Segmentation Train Logs - {train.py:97} - INFO - Divided masks into patches successfully!
[2024-03-06 19:13:11] - Land Cover Semantic Segmentation Train Logs - {train.py:106} - INFO - Discarded unused patches successfully!
[2024-03-06 19:13:16] - Land Cover Semantic Segmentation Train Logs - {train.py:120} - INFO - Training and validation data split successfully!
[2024-03-06 19:13:16] - Land Cover Semantic Segmentation Train Logs - {train.py:143} - INFO - Built the model successfully!
[2024-03-06 19:13:16] - Land Cover Semantic Segmentation Train Logs - {train.py:168} - INFO - Initialized training and validation datasets and dataloaders!
[2024-03-06 19:13:16] - Land Cover Semantic Segmentation Train Logs - {train.py:179} - INFO - Initialized the loss and evaluation metrics!
[2024-03-06 19:13:16] - Land Cover Semantic Segmentation Train Logs - {train.py:191} - INFO - Initialized the optimizer!
[2024-03-06 19:13:17] - Land Cover Semantic Segmentation Train Logs - {train.py:215} - INFO - Initialized epoch runners!
[2024-03-06 20:36:03] - Land Cover Semantic Segmentation Train Logs - {train.py:88} - INFO - Divided images into patches successfully!
[2024-03-06 20:36:39] - Land Cover Semantic Segmentation Train Logs - {train.py:97} - INFO - Divided masks into patches successfully!
[2024-03-06 20:37:33] - Land Cover Semantic Segmentation Train Logs - {train.py:106} - INFO - Discarded unused patches successfully!
[2024-03-06 20:37:42] - Land Cover Semantic Segmentation Train Logs - {train.py:120} - INFO - Training and validation data split successfully!
[2024-03-06 20:37:42] - Land Cover Semantic Segmentation Train Logs - {train.py:143} - INFO - Built the model successfully!
[2024-03-06 20:37:42] - Land Cover Semantic Segmentation Train Logs - {train.py:168} - INFO - Initialized training and validation datasets and dataloaders!
[2024-03-06 20:37:42] - Land Cover Semantic Segmentation Train Logs - {train.py:179} - INFO - Initialized the loss and evaluation metrics!
[2024-03-06 20:37:42] - Land Cover Semantic Segmentation Train Logs - {train.py:191} - INFO - Initialized the optimizer!
[2024-03-06 20:37:42] - Land Cover Semantic Segmentation Train Logs - {train.py:215} - INFO - Initialized epoch runners!
